
> mini-mt@1.0.0 dev
> nodemon src/index.ts

[33m[nodemon] 3.1.14[39m
[33m[nodemon] to restart at any time, enter `rs`[39m
[33m[nodemon] watching path(s): src/**/*[39m
[33m[nodemon] watching extensions: ts,json[39m
[32m[nodemon] starting `ts-node src/index.ts src/index.ts`[39m
[dotenv@17.3.1] injecting env (7) from .env -- tip: ⚙️  write to custom object with { processEnv: myObject }
[dotenv@17.3.1] injecting env (0) from .env -- tip: ⚙️  load multiple .env files with { path: ['.env.local', '.env'] }
🚀 Server is running on http://localhost:3000
📊 Health check available at http://localhost:3000/health
[32m[nodemon] restarting due to changes...[39m
[32m[nodemon] starting `ts-node src/index.ts src/index.ts`[39m
[dotenv@17.3.1] injecting env (7) from .env -- tip: ⚙️  enable debug logging with { debug: true }
[dotenv@17.3.1] injecting env (0) from .env -- tip: ⚙️  load multiple .env files with { path: ['.env.local', '.env'] }
🚀 Server is running on http://localhost:3000
📊 Health check available at http://localhost:3000/health
(node:27156) Warning: SECURITY WARNING: The SSL modes 'prefer', 'require', and 'verify-ca' are treated as aliases for 'verify-full'.
In the next major version (pg-connection-string v3.0.0 and pg v9.0.0), these modes will adopt standard libpq semantics, which have weaker security guarantees.

To prepare for this change:
- If you want the current behavior, explicitly use 'sslmode=verify-full'
- If you want libpq compatibility now, use 'uselibpqcompat=true&sslmode=require'

See https://www.postgresql.org/docs/current/libpq-ssl.html for libpq SSL mode definitions.
(Use `node --trace-warnings ...` to show where the warning was created)
prisma:query SELECT "public"."users"."id", "public"."users"."email", "public"."users"."name", "public"."users"."password", "public"."users"."role"::text, "public"."users"."createdAt", "public"."users"."updatedAt" FROM "public"."users" WHERE ("public"."users"."email" = $1 AND 1=1) LIMIT $2 OFFSET $3
prisma:query INSERT INTO "public"."users" ("email","name","password","role","createdAt","updatedAt") VALUES ($1,$2,$3,CAST($4::text AS "public"."Role"),$5,$6) RETURNING "public"."users"."id", "public"."users"."email", "public"."users"."name", "public"."users"."role"::text, "public"."users"."createdAt"
prisma:query SELECT "public"."sessions"."id", "public"."sessions"."userId", "public"."sessions"."refreshToken", "public"."sessions"."accessToken", "public"."sessions"."expiresAt", "public"."sessions"."lastActivity", "public"."sessions"."ipAddress", "public"."sessions"."userAgent", "public"."sessions"."deviceInfo", "public"."sessions"."status"::text, "public"."sessions"."createdAt", "public"."sessions"."updatedAt" FROM "public"."sessions" WHERE ("public"."sessions"."userId" = $1 AND "public"."sessions"."status" = CAST($2::text AS "public"."SessionStatus")) ORDER BY "public"."sessions"."lastActivity" ASC OFFSET $3
prisma:query INSERT INTO "public"."sessions" ("id","userId","refreshToken","expiresAt","lastActivity","ipAddress","userAgent","deviceInfo","status","createdAt","updatedAt") VALUES ($1,$2,$3,$4,$5,$6,$7,$8,CAST($9::text AS "public"."SessionStatus"),$10,$11) RETURNING "public"."sessions"."id", "public"."sessions"."userId", "public"."sessions"."refreshToken", "public"."sessions"."accessToken", "public"."sessions"."expiresAt", "public"."sessions"."lastActivity", "public"."sessions"."ipAddress", "public"."sessions"."userAgent", "public"."sessions"."deviceInfo", "public"."sessions"."status"::text, "public"."sessions"."createdAt", "public"."sessions"."updatedAt"
prisma:query UPDATE "public"."sessions" SET "accessToken" = $1, "updatedAt" = $2 WHERE ("public"."sessions"."id" = $3 AND 1=1) RETURNING "public"."sessions"."id", "public"."sessions"."userId", "public"."sessions"."refreshToken", "public"."sessions"."accessToken", "public"."sessions"."expiresAt", "public"."sessions"."lastActivity", "public"."sessions"."ipAddress", "public"."sessions"."userAgent", "public"."sessions"."deviceInfo", "public"."sessions"."status"::text, "public"."sessions"."createdAt", "public"."sessions"."updatedAt"
[32m[nodemon] restarting due to changes...[39m
[32m[nodemon] starting `ts-node src/index.ts src/index.ts`[39m
[32m[nodemon] restarting due to changes...[39m
[32m[nodemon] starting `ts-node src/index.ts src/index.ts`[39m
[dotenv@17.3.1] injecting env (7) from .env -- tip: 🔐 prevent committing .env to code: https://dotenvx.com/precommit
[dotenv@17.3.1] injecting env (0) from .env -- tip: ⚙️  specify custom .env file path with { path: '/custom/path/.env' }
🚀 Server is running on http://localhost:3000
📊 Health check available at http://localhost:3000/health
[31m[nodemon] app crashed - waiting for file changes before starting...[39m
[32m[nodemon] restarting due to changes...[39m
[32m[nodemon] starting `ts-node src/index.ts src/index.ts`[39m
[dotenv@17.3.1] injecting env (7) from .env -- tip: 🛠️  run anywhere with `dotenvx run -- yourcommand`
[dotenv@17.3.1] injecting env (0) from .env -- tip: ⚙️  enable debug logging with { debug: true }
🚀 Server is running on http://localhost:3000
📊 Health check available at http://localhost:3000/health
(node:28988) Warning: SECURITY WARNING: The SSL modes 'prefer', 'require', and 'verify-ca' are treated as aliases for 'verify-full'.
In the next major version (pg-connection-string v3.0.0 and pg v9.0.0), these modes will adopt standard libpq semantics, which have weaker security guarantees.

To prepare for this change:
- If you want the current behavior, explicitly use 'sslmode=verify-full'
- If you want libpq compatibility now, use 'uselibpqcompat=true&sslmode=require'

See https://www.postgresql.org/docs/current/libpq-ssl.html for libpq SSL mode definitions.
(Use `node --trace-warnings ...` to show where the warning was created)
prisma:query SELECT "public"."users"."id", "public"."users"."email", "public"."users"."name", "public"."users"."password", "public"."users"."role"::text, "public"."users"."createdAt", "public"."users"."updatedAt" FROM "public"."users" WHERE ("public"."users"."email" = $1 AND 1=1) LIMIT $2 OFFSET $3
Received SIGTERM. Shutting down gracefully...
✅ Database disconnected successfully
Database connection closed.
